

Processing DisplayController#index (for 72.10.148.49 at 2010-04-04 09:51:18) [GET]
  Parameters: {"action"=>"index", "controller"=>"display"}

ActiveRecord::StatementInvalid (Could not find table 'requests'):
  app/controllers/display_controller.rb:16:in `new'
  app/controllers/display_controller.rb:16:in `prepare_request'
  /dh/passenger/lib/phusion_passenger/rack/request_handler.rb:92:in `process_request'
  /dh/passenger/lib/phusion_passenger/abstract_request_handler.rb:207:in `main_loop'
  /dh/passenger/lib/phusion_passenger/railz/application_spawner.rb:400:in `start_request_handler'
  /dh/passenger/lib/phusion_passenger/railz/application_spawner.rb:351:in `handle_spawn_application'
  /dh/passenger/lib/phusion_passenger/utils.rb:184:in `safe_fork'
  /dh/passenger/lib/phusion_passenger/railz/application_spawner.rb:349:in `handle_spawn_application'
  /dh/passenger/lib/phusion_passenger/abstract_server.rb:352:in `__send__'
  /dh/passenger/lib/phusion_passenger/abstract_server.rb:352:in `main_loop'
  /dh/passenger/lib/phusion_passenger/abstract_server.rb:196:in `start_synchronously'
  /dh/passenger/lib/phusion_passenger/abstract_server.rb:163:in `start'
  /dh/passenger/lib/phusion_passenger/railz/application_spawner.rb:209:in `start'
  /dh/passenger/lib/phusion_passenger/spawn_manager.rb:262:in `spawn_rails_application'
  /dh/passenger/lib/phusion_passenger/abstract_server_collection.rb:126:in `lookup_or_add'
  /dh/passenger/lib/phusion_passenger/spawn_manager.rb:256:in `spawn_rails_application'
  /dh/passenger/lib/phusion_passenger/abstract_server_collection.rb:80:in `synchronize'
  /dh/passenger/lib/phusion_passenger/abstract_server_collection.rb:79:in `synchronize'
  /dh/passenger/lib/phusion_passenger/spawn_manager.rb:255:in `spawn_rails_application'
  /dh/passenger/lib/phusion_passenger/spawn_manager.rb:154:in `spawn_application'
  /dh/passenger/lib/phusion_passenger/spawn_manager.rb:287:in `handle_spawn_application'
  /dh/passenger/lib/phusion_passenger/abstract_server.rb:352:in `__send__'
  /dh/passenger/lib/phusion_passenger/abstract_server.rb:352:in `main_loop'
  /dh/passenger/lib/phusion_passenger/abstract_server.rb:196:in `start_synchronously'

Rendering /home/chuckmitchell/movies.squall.ca/public/500.html (500 Internal Server Error)


Processing DisplayController#index (for 72.10.148.49 at 2010-04-04 09:51:34) [GET]
  Parameters: {"action"=>"index", "controller"=>"display"}

ActiveRecord::StatementInvalid (Could not find table 'requests'):
  app/controllers/display_controller.rb:16:in `new'
  app/controllers/display_controller.rb:16:in `prepare_request'
  /dh/passenger/lib/phusion_passenger/rack/request_handler.rb:92:in `process_request'
  /dh/passenger/lib/phusion_passenger/abstract_request_handler.rb:207:in `main_loop'
  /dh/passenger/lib/phusion_passenger/railz/application_spawner.rb:400:in `start_request_handler'
  /dh/passenger/lib/phusion_passenger/railz/application_spawner.rb:351:in `handle_spawn_application'
  /dh/passenger/lib/phusion_passenger/utils.rb:184:in `safe_fork'
  /dh/passenger/lib/phusion_passenger/railz/application_spawner.rb:349:in `handle_spawn_application'
  /dh/passenger/lib/phusion_passenger/abstract_server.rb:352:in `__send__'
  /dh/passenger/lib/phusion_passenger/abstract_server.rb:352:in `main_loop'
  /dh/passenger/lib/phusion_passenger/abstract_server.rb:196:in `start_synchronously'
  /dh/passenger/lib/phusion_passenger/abstract_server.rb:163:in `start'
  /dh/passenger/lib/phusion_passenger/railz/application_spawner.rb:209:in `start'
  /dh/passenger/lib/phusion_passenger/spawn_manager.rb:262:in `spawn_rails_application'
  /dh/passenger/lib/phusion_passenger/abstract_server_collection.rb:126:in `lookup_or_add'
  /dh/passenger/lib/phusion_passenger/spawn_manager.rb:256:in `spawn_rails_application'
  /dh/passenger/lib/phusion_passenger/abstract_server_collection.rb:80:in `synchronize'
  /dh/passenger/lib/phusion_passenger/abstract_server_collection.rb:79:in `synchronize'
  /dh/passenger/lib/phusion_passenger/spawn_manager.rb:255:in `spawn_rails_application'
  /dh/passenger/lib/phusion_passenger/spawn_manager.rb:154:in `spawn_application'
  /dh/passenger/lib/phusion_passenger/spawn_manager.rb:287:in `handle_spawn_application'
  /dh/passenger/lib/phusion_passenger/abstract_server.rb:352:in `__send__'
  /dh/passenger/lib/phusion_passenger/abstract_server.rb:352:in `main_loop'
  /dh/passenger/lib/phusion_passenger/abstract_server.rb:196:in `start_synchronously'

Rendering /home/chuckmitchell/movies.squall.ca/public/500.html (500 Internal Server Error)


Processing DisplayController#index (for 72.10.148.49 at 2010-04-04 09:55:26) [GET]
  Parameters: {"action"=>"index", "controller"=>"display"}

ActiveRecord::StatementInvalid (Could not find table 'requests'):
  app/controllers/display_controller.rb:16:in `new'
  app/controllers/display_controller.rb:16:in `prepare_request'
  /dh/passenger/lib/phusion_passenger/rack/request_handler.rb:92:in `process_request'
  /dh/passenger/lib/phusion_passenger/abstract_request_handler.rb:207:in `main_loop'
  /dh/passenger/lib/phusion_passenger/railz/application_spawner.rb:400:in `start_request_handler'
  /dh/passenger/lib/phusion_passenger/railz/application_spawner.rb:351:in `handle_spawn_application'
  /dh/passenger/lib/phusion_passenger/utils.rb:184:in `safe_fork'
  /dh/passenger/lib/phusion_passenger/railz/application_spawner.rb:349:in `handle_spawn_application'
  /dh/passenger/lib/phusion_passenger/abstract_server.rb:352:in `__send__'
  /dh/passenger/lib/phusion_passenger/abstract_server.rb:352:in `main_loop'
  /dh/passenger/lib/phusion_passenger/abstract_server.rb:196:in `start_synchronously'
  /dh/passenger/lib/phusion_passenger/abstract_server.rb:163:in `start'
  /dh/passenger/lib/phusion_passenger/railz/application_spawner.rb:209:in `start'
  /dh/passenger/lib/phusion_passenger/spawn_manager.rb:262:in `spawn_rails_application'
  /dh/passenger/lib/phusion_passenger/abstract_server_collection.rb:126:in `lookup_or_add'
  /dh/passenger/lib/phusion_passenger/spawn_manager.rb:256:in `spawn_rails_application'
  /dh/passenger/lib/phusion_passenger/abstract_server_collection.rb:80:in `synchronize'
  /dh/passenger/lib/phusion_passenger/abstract_server_collection.rb:79:in `synchronize'
  /dh/passenger/lib/phusion_passenger/spawn_manager.rb:255:in `spawn_rails_application'
  /dh/passenger/lib/phusion_passenger/spawn_manager.rb:154:in `spawn_application'
  /dh/passenger/lib/phusion_passenger/spawn_manager.rb:287:in `handle_spawn_application'
  /dh/passenger/lib/phusion_passenger/abstract_server.rb:352:in `__send__'
  /dh/passenger/lib/phusion_passenger/abstract_server.rb:352:in `main_loop'
  /dh/passenger/lib/phusion_passenger/abstract_server.rb:196:in `start_synchronously'

Rendering /home/chuckmitchell/movies.squall.ca/public/500.html (500 Internal Server Error)


Processing DisplayController#index (for 72.10.148.49 at 2010-04-04 09:55:27) [GET]
  Parameters: {"action"=>"index", "controller"=>"display"}

ActiveRecord::StatementInvalid (Could not find table 'requests'):
  app/controllers/display_controller.rb:16:in `new'
  app/controllers/display_controller.rb:16:in `prepare_request'
  /dh/passenger/lib/phusion_passenger/rack/request_handler.rb:92:in `process_request'
  /dh/passenger/lib/phusion_passenger/abstract_request_handler.rb:207:in `main_loop'
  /dh/passenger/lib/phusion_passenger/railz/application_spawner.rb:400:in `start_request_handler'
  /dh/passenger/lib/phusion_passenger/railz/application_spawner.rb:351:in `handle_spawn_application'
  /dh/passenger/lib/phusion_passenger/utils.rb:184:in `safe_fork'
  /dh/passenger/lib/phusion_passenger/railz/application_spawner.rb:349:in `handle_spawn_application'
  /dh/passenger/lib/phusion_passenger/abstract_server.rb:352:in `__send__'
  /dh/passenger/lib/phusion_passenger/abstract_server.rb:352:in `main_loop'
  /dh/passenger/lib/phusion_passenger/abstract_server.rb:196:in `start_synchronously'
  /dh/passenger/lib/phusion_passenger/abstract_server.rb:163:in `start'
  /dh/passenger/lib/phusion_passenger/railz/application_spawner.rb:209:in `start'
  /dh/passenger/lib/phusion_passenger/spawn_manager.rb:262:in `spawn_rails_application'
  /dh/passenger/lib/phusion_passenger/abstract_server_collection.rb:126:in `lookup_or_add'
  /dh/passenger/lib/phusion_passenger/spawn_manager.rb:256:in `spawn_rails_application'
  /dh/passenger/lib/phusion_passenger/abstract_server_collection.rb:80:in `synchronize'
  /dh/passenger/lib/phusion_passenger/abstract_server_collection.rb:79:in `synchronize'
  /dh/passenger/lib/phusion_passenger/spawn_manager.rb:255:in `spawn_rails_application'
  /dh/passenger/lib/phusion_passenger/spawn_manager.rb:154:in `spawn_application'
  /dh/passenger/lib/phusion_passenger/spawn_manager.rb:287:in `handle_spawn_application'
  /dh/passenger/lib/phusion_passenger/abstract_server.rb:352:in `__send__'
  /dh/passenger/lib/phusion_passenger/abstract_server.rb:352:in `main_loop'
  /dh/passenger/lib/phusion_passenger/abstract_server.rb:196:in `start_synchronously'

Rendering /home/chuckmitchell/movies.squall.ca/public/500.html (500 Internal Server Error)


Processing DisplayController#index (for 72.10.148.49 at 2010-04-04 09:56:21) [GET]
  Parameters: {"action"=>"index", "controller"=>"display"}
Rendering template within layouts/display
Rendering display/index
Completed in 94ms (View: 65, DB: 3) | 200 OK [http://movies.squall.ca/]


Processing DisplayController#index (for 123.125.66.112 at 2010-04-04 11:05:29) [GET]
  Parameters: {"action"=>"index", "controller"=>"display"}
Rendering template within layouts/display
Rendering display/index
Completed in 74ms (View: 44, DB: 3) | 200 OK [http://movies.squall.ca/]


Processing DisplayController#index (for 220.181.7.116 at 2010-04-04 21:25:54) [GET]
  Parameters: {"action"=>"index", "controller"=>"display"}
Rendering template within layouts/display
Rendering display/index
Completed in 105ms (View: 66, DB: 4) | 200 OK [http://movies.squall.ca/]


Processing DisplayController#index (for 123.125.66.61 at 2010-04-04 21:25:54) [GET]
  Parameters: {"action"=>"index", "controller"=>"display"}
Rendering template within layouts/display
Rendering display/index
Completed in 83ms (View: 53, DB: 3) | 200 OK [http://movies.squall.ca/]


Processing DisplayController#index (for 123.125.66.65 at 2010-04-05 02:37:41) [GET]
  Parameters: {"action"=>"index", "controller"=>"display"}
Rendering template within layouts/display
Rendering display/index
Completed in 75ms (View: 44, DB: 3) | 200 OK [http://movies.squall.ca/]


Processing DisplayController#index (for 220.181.7.69 at 2010-04-05 02:41:17) [GET]
  Parameters: {"action"=>"index", "controller"=>"display"}
Rendering template within layouts/display
Rendering display/index
Completed in 20ms (View: 13, DB: 3) | 200 OK [http://movies.squall.ca/]


Processing DisplayController#index (for 123.125.66.133 at 2010-04-05 03:31:54) [GET]
  Parameters: {"action"=>"index", "controller"=>"display"}
Rendering template within layouts/display
Rendering display/index
Completed in 81ms (View: 46, DB: 4) | 200 OK [http://movies.squall.ca/]


Processing DisplayController#index (for 220.181.7.87 at 2010-04-05 03:34:41) [GET]
  Parameters: {"action"=>"index", "controller"=>"display"}
Rendering template within layouts/display
Rendering display/index
Completed in 21ms (View: 13, DB: 3) | 200 OK [http://movies.squall.ca/]


Processing DisplayController#index (for 123.125.66.72 at 2010-04-05 07:26:45) [GET]
  Parameters: {"action"=>"index", "controller"=>"display"}
Rendering template within layouts/display
Rendering display/index
Completed in 76ms (View: 46, DB: 3) | 200 OK [http://movies.squall.ca/]


Processing DisplayController#index (for 220.181.7.118 at 2010-04-05 07:27:33) [GET]
  Parameters: {"action"=>"index", "controller"=>"display"}
Rendering template within layouts/display
Rendering display/index
Completed in 20ms (View: 13, DB: 3) | 200 OK [http://movies.squall.ca/]


Processing DisplayController#index (for 220.181.7.132 at 2010-04-05 12:25:54) [GET]
  Parameters: {"action"=>"index", "controller"=>"display"}
Rendering template within layouts/display
Rendering display/index
Completed in 116ms (View: 79, DB: 4) | 200 OK [http://movies.squall.ca/]


Processing DisplayController#index (for 123.125.66.78 at 2010-04-05 12:25:54) [GET]
  Parameters: {"action"=>"index", "controller"=>"display"}
Rendering template within layouts/display
Rendering display/index
Completed in 20ms (View: 13, DB: 3) | 200 OK [http://movies.squall.ca/]


Processing DisplayController#index (for 123.125.66.31 at 2010-04-05 13:56:44) [GET]
  Parameters: {"action"=>"index", "controller"=>"display"}
Rendering template within layouts/display
Rendering display/index
Completed in 80ms (View: 47, DB: 4) | 200 OK [http://movies.squall.ca/]


Processing DisplayController#index (for 220.181.7.67 at 2010-04-05 15:31:09) [GET]
  Parameters: {"action"=>"index", "controller"=>"display"}
Rendering template within layouts/display
Rendering display/index
Completed in 83ms (View: 44, DB: 3) | 200 OK [http://movies.squall.ca/]


Processing DisplayController#index (for 123.125.66.130 at 2010-04-05 15:31:13) [GET]
  Parameters: {"action"=>"index", "controller"=>"display"}
Rendering template within layouts/display
Rendering display/index
Completed in 19ms (View: 13, DB: 3) | 200 OK [http://movies.squall.ca/]


Processing DisplayController#index (for 220.181.7.75 at 2010-04-05 21:25:15) [GET]
  Parameters: {"action"=>"index", "controller"=>"display"}
Rendering template within layouts/display
Rendering display/index
Completed in 200ms (View: 172, DB: 3) | 200 OK [http://movies.squall.ca/]


Processing DisplayController#index (for 123.125.66.66 at 2010-04-05 21:25:25) [GET]
  Parameters: {"action"=>"index", "controller"=>"display"}
Rendering template within layouts/display
Rendering display/index
Completed in 21ms (View: 13, DB: 3) | 200 OK [http://movies.squall.ca/]


Processing DisplayController#index (for 220.181.7.119 at 2010-04-06 01:29:41) [GET]
  Parameters: {"action"=>"index", "controller"=>"display"}
Rendering template within layouts/display
Rendering display/index
Completed in 76ms (View: 46, DB: 3) | 200 OK [http://movies.squall.ca/]


Processing DisplayController#index (for 123.125.66.65 at 2010-04-06 01:30:12) [GET]
  Parameters: {"action"=>"index", "controller"=>"display"}
Rendering template within layouts/display
Rendering display/index
Completed in 54ms (View: 47, DB: 3) | 200 OK [http://movies.squall.ca/]


Processing DisplayController#index (for 123.125.66.123 at 2010-04-06 05:30:53) [GET]
  Parameters: {"action"=>"index", "controller"=>"display"}
Rendering template within layouts/display
Rendering display/index
Completed in 142ms (View: 93, DB: 3) | 200 OK [http://movies.squall.ca/]


Processing DisplayController#index (for 220.181.7.116 at 2010-04-06 05:31:17) [GET]
  Parameters: {"action"=>"index", "controller"=>"display"}
Rendering template within layouts/display
Rendering display/index
Completed in 20ms (View: 13, DB: 3) | 200 OK [http://movies.squall.ca/]


Processing DisplayController#index (for 220.181.7.77 at 2010-04-06 09:30:40) [GET]
  Parameters: {"action"=>"index", "controller"=>"display"}
Rendering template within layouts/display
Rendering display/index
Completed in 79ms (View: 51, DB: 3) | 200 OK [http://movies.squall.ca/]


Processing DisplayController#index (for 123.125.66.131 at 2010-04-06 09:30:51) [GET]
  Parameters: {"action"=>"index", "controller"=>"display"}
Rendering template within layouts/display
Rendering display/index
Completed in 20ms (View: 13, DB: 3) | 200 OK [http://movies.squall.ca/]


Processing DisplayController#index (for 123.125.66.71 at 2010-04-06 13:25:25) [GET]
  Parameters: {"action"=>"index", "controller"=>"display"}
Rendering template within layouts/display
Rendering display/index
Completed in 91ms (View: 62, DB: 3) | 200 OK [http://movies.squall.ca/]


Processing DisplayController#index (for 220.181.7.60 at 2010-04-06 13:26:33) [GET]
  Parameters: {"action"=>"index", "controller"=>"display"}
Rendering template within layouts/display
Rendering display/index
Completed in 20ms (View: 13, DB: 3) | 200 OK [http://movies.squall.ca/]


Processing DisplayController#index (for 123.125.66.29 at 2010-04-06 14:10:55) [GET]
  Parameters: {"action"=>"index", "controller"=>"display"}
Rendering template within layouts/display
Rendering display/index
Completed in 71ms (View: 43, DB: 3) | 200 OK [http://movies.squall.ca/]


Processing DisplayController#index (for 193.47.80.51 at 2010-04-06 16:40:04) [GET]
  Parameters: {"action"=>"index", "controller"=>"display"}
Rendering template within layouts/display
Rendering display/index
Completed in 90ms (View: 51, DB: 3) | 200 OK [http://movies.squall.ca/]


Processing DisplayController#index (for 123.125.66.68 at 2010-04-06 17:30:52) [GET]
  Parameters: {"action"=>"index", "controller"=>"display"}
Rendering template within layouts/display
Rendering display/index
Completed in 73ms (View: 43, DB: 3) | 200 OK [http://movies.squall.ca/]


Processing DisplayController#index (for 220.181.7.55 at 2010-04-06 17:30:53) [GET]
  Parameters: {"action"=>"index", "controller"=>"display"}
Rendering template within layouts/display
Rendering display/index
Completed in 19ms (View: 13, DB: 3) | 200 OK [http://movies.squall.ca/]


Processing DisplayController#index (for 220.181.7.61 at 2010-04-07 00:23:41) [GET]
  Parameters: {"action"=>"index", "controller"=>"display"}
Rendering template within layouts/display
Rendering display/index
Completed in 80ms (View: 47, DB: 4) | 200 OK [http://movies.squall.ca/]


Processing DisplayController#index (for 123.125.66.78 at 2010-04-07 00:23:42) [GET]
  Parameters: {"action"=>"index", "controller"=>"display"}
Rendering template within layouts/display
Rendering display/index
Completed in 21ms (View: 13, DB: 3) | 200 OK [http://movies.squall.ca/]


Processing DisplayController#index (for 220.181.7.76 at 2010-04-07 03:31:38) [GET]
  Parameters: {"action"=>"index", "controller"=>"display"}
Rendering template within layouts/display
Rendering display/index
Completed in 75ms (View: 44, DB: 3) | 200 OK [http://movies.squall.ca/]


Processing DisplayController#index (for 123.125.66.86 at 2010-04-07 03:32:13) [GET]
  Parameters: {"action"=>"index", "controller"=>"display"}
Rendering template within layouts/display
Rendering display/index
Completed in 21ms (View: 14, DB: 3) | 200 OK [http://movies.squall.ca/]


Processing DisplayController#index (for 123.125.66.75 at 2010-04-07 07:34:41) [GET]
  Parameters: {"action"=>"index", "controller"=>"display"}
Rendering template within layouts/display
Rendering display/index
Completed in 74ms (View: 44, DB: 3) | 200 OK [http://movies.squall.ca/]


Processing DisplayController#index (for 220.181.7.87 at 2010-04-07 07:34:52) [GET]
  Parameters: {"action"=>"index", "controller"=>"display"}
Rendering template within layouts/display
Rendering display/index
Completed in 20ms (View: 13, DB: 3) | 200 OK [http://movies.squall.ca/]


Processing DisplayController#index (for 220.181.7.76 at 2010-04-07 09:30:55) [GET]
  Parameters: {"action"=>"index", "controller"=>"display"}
Rendering template within layouts/display
Rendering display/index
Completed in 72ms (View: 44, DB: 3) | 200 OK [http://movies.squall.ca/]


Processing DisplayController#index (for 123.125.66.63 at 2010-04-07 09:30:56) [GET]
  Parameters: {"action"=>"index", "controller"=>"display"}
Rendering template within layouts/display
Rendering display/index
Completed in 20ms (View: 13, DB: 3) | 200 OK [http://movies.squall.ca/]


Processing DisplayController#index (for 220.181.7.70 at 2010-04-07 13:26:05) [GET]
  Parameters: {"action"=>"index", "controller"=>"display"}
Rendering template within layouts/display
Rendering display/index
Completed in 91ms (View: 62, DB: 3) | 200 OK [http://movies.squall.ca/]


Processing DisplayController#index (for 123.125.66.121 at 2010-04-07 13:26:13) [GET]
  Parameters: {"action"=>"index", "controller"=>"display"}
Rendering template within layouts/display
Rendering display/index
Completed in 20ms (View: 13, DB: 3) | 200 OK [http://movies.squall.ca/]


Processing DisplayController#index (for 66.249.67.3 at 2010-04-07 14:16:18) [GET]
  Parameters: {"action"=>"index", "controller"=>"display"}
Rendering template within layouts/display
Rendering display/index
Completed in 72ms (View: 43, DB: 3) | 200 OK [http://movies.squall.ca/]


Processing DisplayController#index (for 123.125.66.80 at 2010-04-08 05:30:35) [GET]
  Parameters: {"action"=>"index", "controller"=>"display"}
Rendering template within layouts/display
Rendering display/index
Completed in 74ms (View: 44, DB: 3) | 200 OK [http://movies.squall.ca/]


Processing DisplayController#index (for 220.181.7.125 at 2010-04-08 05:30:44) [GET]
  Parameters: {"action"=>"index", "controller"=>"display"}
Rendering template within layouts/display
Rendering display/index
Completed in 20ms (View: 13, DB: 3) | 200 OK [http://movies.squall.ca/]


Processing DisplayController#index (for 123.125.66.96 at 2010-04-08 09:32:47) [GET]
  Parameters: {"action"=>"index", "controller"=>"display"}
Rendering template within layouts/display
Rendering display/index
Completed in 72ms (View: 43, DB: 3) | 200 OK [http://movies.squall.ca/]


Processing DisplayController#index (for 132.206.96.233 at 2010-04-08 14:53:48) [GET]
  Parameters: {"action"=>"index", "controller"=>"display"}
Rendering template within layouts/display
Rendering display/index
Completed in 72ms (View: 43, DB: 3) | 200 OK [http://movies.squall.ca/]


Processing DisplayController#index (for 220.181.7.131 at 2010-04-08 17:29:10) [GET]
  Parameters: {"action"=>"index", "controller"=>"display"}
Rendering template within layouts/display
Rendering display/index
Completed in 86ms (View: 58, DB: 3) | 200 OK [http://movies.squall.ca/]


Processing DisplayController#index (for 123.125.66.83 at 2010-04-08 17:29:40) [GET]
  Parameters: {"action"=>"index", "controller"=>"display"}
Rendering template within layouts/display
Rendering display/index
Completed in 20ms (View: 13, DB: 3) | 200 OK [http://movies.squall.ca/]


Processing DisplayController#index (for 220.181.7.115 at 2010-04-08 21:25:33) [GET]
  Parameters: {"action"=>"index", "controller"=>"display"}
Rendering template within layouts/display
Rendering display/index
Completed in 71ms (View: 43, DB: 3) | 200 OK [http://movies.squall.ca/]


Processing DisplayController#index (for 123.125.66.57 at 2010-04-08 21:25:36) [GET]
  Parameters: {"action"=>"index", "controller"=>"display"}
Rendering template within layouts/display
Rendering display/index
Completed in 20ms (View: 13, DB: 3) | 200 OK [http://movies.squall.ca/]


Processing DisplayController#index (for 220.181.7.69 at 2010-04-09 13:26:54) [GET]
  Parameters: {"action"=>"index", "controller"=>"display"}
Rendering template within layouts/display
Rendering display/index
Completed in 235ms (View: 185, DB: 3) | 200 OK [http://movies.squall.ca/]


Processing DisplayController#index (for 123.125.66.129 at 2010-04-09 13:27:02) [GET]
  Parameters: {"action"=>"index", "controller"=>"display"}
Rendering template within layouts/display
Rendering display/index
Completed in 21ms (View: 13, DB: 3) | 200 OK [http://movies.squall.ca/]


Processing DisplayController#index (for 24.203.60.48 at 2010-04-09 16:38:46) [GET]
  Parameters: {"action"=>"index", "controller"=>"display"}
Rendering template within layouts/display
Rendering display/index
Completed in 74ms (View: 44, DB: 3) | 200 OK [http://movies.squall.ca/]


Processing DisplayController#index (for 220.181.7.78 at 2010-04-09 21:25:54) [GET]
  Parameters: {"action"=>"index", "controller"=>"display"}
Rendering template within layouts/display
Rendering display/index
Completed in 71ms (View: 42, DB: 3) | 200 OK [http://movies.squall.ca/]


Processing DisplayController#index (for 123.125.66.118 at 2010-04-09 21:26:02) [GET]
  Parameters: {"action"=>"index", "controller"=>"display"}
Rendering template within layouts/display
Rendering display/index
Completed in 20ms (View: 13, DB: 3) | 200 OK [http://movies.squall.ca/]


Processing DisplayController#index (for 123.125.66.71 at 2010-04-10 05:28:14) [GET]
  Parameters: {"action"=>"index", "controller"=>"display"}
Rendering template within layouts/display
Rendering display/index
Completed in 82ms (View: 48, DB: 4) | 200 OK [http://movies.squall.ca/]


Processing DisplayController#index (for 220.181.7.95 at 2010-04-10 05:30:23) [GET]
  Parameters: {"action"=>"index", "controller"=>"display"}
Rendering template within layouts/display
Rendering display/index
Completed in 20ms (View: 13, DB: 3) | 200 OK [http://movies.squall.ca/]


Processing DisplayController#index (for 123.125.66.69 at 2010-04-10 09:32:03) [GET]
  Parameters: {"action"=>"index", "controller"=>"display"}
Rendering template within layouts/display
Rendering display/index
Completed in 135ms (View: 102, DB: 3) | 200 OK [http://movies.squall.ca/]


Processing DisplayController#index (for 220.181.7.56 at 2010-04-10 09:32:11) [GET]
  Parameters: {"action"=>"index", "controller"=>"display"}
Rendering template within layouts/display
Rendering display/index
Completed in 21ms (View: 13, DB: 3) | 200 OK [http://movies.squall.ca/]


Processing DisplayController#index (for 220.181.7.126 at 2010-04-10 13:27:50) [GET]
  Parameters: {"action"=>"index", "controller"=>"display"}
Rendering template within layouts/display
Rendering display/index
Completed in 108ms (View: 62, DB: 3) | 200 OK [http://movies.squall.ca/]


Processing DisplayController#index (for 123.125.66.130 at 2010-04-10 13:28:19) [GET]
  Parameters: {"action"=>"index", "controller"=>"display"}
Rendering template within layouts/display
Rendering display/index
Completed in 20ms (View: 13, DB: 3) | 200 OK [http://movies.squall.ca/]


Processing DisplayController#index (for 123.125.66.62 at 2010-04-10 17:31:03) [GET]
  Parameters: {"action"=>"index", "controller"=>"display"}
Rendering template within layouts/display
Rendering display/index
Completed in 71ms (View: 43, DB: 3) | 200 OK [http://movies.squall.ca/]


Processing DisplayController#index (for 220.181.7.86 at 2010-04-10 17:31:28) [GET]
  Parameters: {"action"=>"index", "controller"=>"display"}
Rendering template within layouts/display
Rendering display/index
Completed in 20ms (View: 13, DB: 3) | 200 OK [http://movies.squall.ca/]


Processing DisplayController#index (for 70.26.245.113 at 2010-04-10 19:00:55) [GET]
  Parameters: {"action"=>"index", "controller"=>"display"}
Rendering template within layouts/display
Rendering display/index
Completed in 165ms (View: 108, DB: 3) | 200 OK [http://movies.squall.ca/]


Processing DisplayController#index (for 70.26.245.113 at 2010-04-10 19:00:55) [GET]
  Parameters: {"action"=>"index", "controller"=>"display"}
Rendering template within layouts/display
Rendering display/index
Completed in 91ms (View: 62, DB: 3) | 200 OK [http://movies.squall.ca/]


Processing DisplayController#index (for 216.104.15.138 at 2010-04-10 19:02:08) [GET]
  Parameters: {"action"=>"index", "controller"=>"display"}
Rendering template within layouts/display
Rendering display/index
Completed in 20ms (View: 13, DB: 3) | 200 OK [http://movies.squall.ca/]


Processing DisplayController#index (for 220.181.7.82 at 2010-04-10 21:25:58) [GET]
  Parameters: {"action"=>"index", "controller"=>"display"}
Rendering template within layouts/display
Rendering display/index
Completed in 74ms (View: 45, DB: 3) | 200 OK [http://movies.squall.ca/]


Processing DisplayController#index (for 123.125.66.57 at 2010-04-10 21:26:52) [GET]
  Parameters: {"action"=>"index", "controller"=>"display"}
Rendering template within layouts/display
Rendering display/index
Completed in 20ms (View: 13, DB: 3) | 200 OK [http://movies.squall.ca/]


Processing DisplayController#index (for 123.125.66.21 at 2010-04-11 05:30:19) [GET]
  Parameters: {"action"=>"index", "controller"=>"display"}
Rendering template within layouts/display
Rendering display/index
Completed in 76ms (View: 46, DB: 3) | 200 OK [http://movies.squall.ca/]


Processing DisplayController#index (for 65.55.3.211 at 2010-04-11 17:24:50) [GET]
  Parameters: {"action"=>"index", "controller"=>"display"}
Rendering template within layouts/display
Rendering display/index
Completed in 189ms (View: 153, DB: 3) | 200 OK [http://movies.squall.ca/]


Processing DisplayController#index (for 123.125.66.118 at 2010-04-11 22:32:18) [GET]
  Parameters: {"action"=>"index", "controller"=>"display"}
Rendering template within layouts/display
Rendering display/index
Completed in 79ms (View: 51, DB: 3) | 200 OK [http://movies.squall.ca/]


Processing DisplayController#index (for 220.181.7.73 at 2010-04-11 22:32:32) [GET]
  Parameters: {"action"=>"index", "controller"=>"display"}
Rendering template within layouts/display
Rendering display/index
Completed in 20ms (View: 13, DB: 3) | 200 OK [http://movies.squall.ca/]


Processing DisplayController#index (for 123.125.66.128 at 2010-04-12 05:31:18) [GET]
  Parameters: {"action"=>"index", "controller"=>"display"}
Rendering template within layouts/display
Rendering display/index
Completed in 85ms (View: 52, DB: 3) | 200 OK [http://movies.squall.ca/]


Processing DisplayController#index (for 220.181.7.116 at 2010-04-12 05:31:45) [GET]
  Parameters: {"action"=>"index", "controller"=>"display"}
Rendering template within layouts/display
Rendering display/index
Completed in 20ms (View: 13, DB: 3) | 200 OK [http://movies.squall.ca/]


Processing DisplayController#index (for 220.181.7.69 at 2010-04-12 09:31:52) [GET]
  Parameters: {"action"=>"index", "controller"=>"display"}
Rendering template within layouts/display
Rendering display/index
Completed in 73ms (View: 44, DB: 3) | 200 OK [http://movies.squall.ca/]


Processing DisplayController#index (for 123.125.66.85 at 2010-04-12 09:31:52) [GET]
  Parameters: {"action"=>"index", "controller"=>"display"}
Rendering template within layouts/display
Rendering display/index
Completed in 72ms (View: 43, DB: 3) | 200 OK [http://movies.squall.ca/]


Processing DisplayController#index (for 123.125.66.82 at 2010-04-12 13:26:52) [GET]
  Parameters: {"action"=>"index", "controller"=>"display"}
Rendering template within layouts/display
Rendering display/index
Completed in 73ms (View: 44, DB: 3) | 200 OK [http://movies.squall.ca/]


Processing DisplayController#index (for 220.181.7.125 at 2010-04-12 13:26:54) [GET]
  Parameters: {"action"=>"index", "controller"=>"display"}
Rendering template within layouts/display
Rendering display/index
Completed in 20ms (View: 13, DB: 3) | 200 OK [http://movies.squall.ca/]


Processing DisplayController#index (for 123.125.66.85 at 2010-04-12 16:32:08) [GET]
  Parameters: {"action"=>"index", "controller"=>"display"}
Rendering template within layouts/display
Rendering display/index
Completed in 72ms (View: 43, DB: 3) | 200 OK [http://movies.squall.ca/]


Processing DisplayController#index (for 220.181.7.63 at 2010-04-12 16:32:46) [GET]
  Parameters: {"action"=>"index", "controller"=>"display"}
Rendering template within layouts/display
Rendering display/index
Completed in 20ms (View: 13, DB: 3) | 200 OK [http://movies.squall.ca/]


Processing DisplayController#index (for 66.249.67.3 at 2010-04-13 04:19:25) [GET]
  Parameters: {"action"=>"index", "controller"=>"display"}
Rendering template within layouts/display
Rendering display/index
Completed in 75ms (View: 44, DB: 3) | 200 OK [http://movies.squall.ca/]


Processing DisplayController#index (for 123.125.66.94 at 2010-04-13 06:34:21) [GET]
  Parameters: {"action"=>"index", "controller"=>"display"}
Rendering template within layouts/display
Rendering display/index
Completed in 101ms (View: 45, DB: 19) | 200 OK [http://movies.squall.ca/]


Processing DisplayController#index (for 220.181.7.69 at 2010-04-13 06:34:42) [GET]
  Parameters: {"action"=>"index", "controller"=>"display"}
Rendering template within layouts/display
Rendering display/index
Completed in 20ms (View: 13, DB: 3) | 200 OK [http://movies.squall.ca/]


Processing DisplayController#index (for 123.125.66.28 at 2010-04-13 07:28:22) [GET]
  Parameters: {"action"=>"index", "controller"=>"display"}
Rendering template within layouts/display
Rendering display/index
Completed in 74ms (View: 44, DB: 3) | 200 OK [http://movies.squall.ca/]


Processing DisplayController#index (for 123.125.66.77 at 2010-04-13 09:31:57) [GET]
  Parameters: {"action"=>"index", "controller"=>"display"}
Rendering template within layouts/display
Rendering display/index
Completed in 171ms (View: 115, DB: 3) | 200 OK [http://movies.squall.ca/]


Processing DisplayController#index (for 220.181.7.88 at 2010-04-13 09:31:57) [GET]
  Parameters: {"action"=>"index", "controller"=>"display"}
Rendering template within layouts/display
Rendering display/index
Completed in 109ms (View: 81, DB: 3) | 200 OK [http://movies.squall.ca/]


Processing DisplayController#index (for 123.125.66.88 at 2010-04-13 14:33:03) [GET]
  Parameters: {"action"=>"index", "controller"=>"display"}
Rendering template within layouts/display
Rendering display/index
Completed in 73ms (View: 43, DB: 4) | 200 OK [http://movies.squall.ca/]


Processing DisplayController#index (for 220.181.7.62 at 2010-04-13 14:33:13) [GET]
  Parameters: {"action"=>"index", "controller"=>"display"}
Rendering template within layouts/display
Rendering display/index
Completed in 20ms (View: 13, DB: 3) | 200 OK [http://movies.squall.ca/]


Processing DisplayController#index (for 123.125.66.80 at 2010-04-13 18:34:21) [GET]
  Parameters: {"action"=>"index", "controller"=>"display"}
Rendering template within layouts/display
Rendering display/index
Completed in 71ms (View: 43, DB: 3) | 200 OK [http://movies.squall.ca/]


Processing DisplayController#index (for 220.181.7.76 at 2010-04-13 18:36:01) [GET]
  Parameters: {"action"=>"index", "controller"=>"display"}
Rendering template within layouts/display
Rendering display/index
Completed in 20ms (View: 13, DB: 3) | 200 OK [http://movies.squall.ca/]


Processing DisplayController#index (for 123.125.66.93 at 2010-04-13 20:25:59) [GET]
  Parameters: {"action"=>"index", "controller"=>"display"}
Rendering template within layouts/display
Rendering display/index
Completed in 72ms (View: 43, DB: 3) | 200 OK [http://movies.squall.ca/]


Processing DisplayController#index (for 220.181.7.121 at 2010-04-13 20:27:03) [GET]
  Parameters: {"action"=>"index", "controller"=>"display"}
Rendering template within layouts/display
Rendering display/index
Completed in 20ms (View: 13, DB: 3) | 200 OK [http://movies.squall.ca/]


Processing DisplayController#index (for 123.125.66.65 at 2010-04-13 22:29:56) [GET]
  Parameters: {"action"=>"index", "controller"=>"display"}
Rendering template within layouts/display
Rendering display/index
Completed in 73ms (View: 44, DB: 3) | 200 OK [http://movies.squall.ca/]


Processing DisplayController#index (for 220.181.7.124 at 2010-04-13 22:30:18) [GET]
  Parameters: {"action"=>"index", "controller"=>"display"}
Rendering template within layouts/display
Rendering display/index
Completed in 20ms (View: 13, DB: 3) | 200 OK [http://movies.squall.ca/]


Processing DisplayController#index (for 123.125.66.84 at 2010-04-14 00:24:43) [GET]
  Parameters: {"action"=>"index", "controller"=>"display"}
Rendering template within layouts/display
Rendering display/index
Completed in 74ms (View: 44, DB: 3) | 200 OK [http://movies.squall.ca/]


Processing DisplayController#index (for 220.181.7.132 at 2010-04-14 00:25:11) [GET]
  Parameters: {"action"=>"index", "controller"=>"display"}
Rendering template within layouts/display
Rendering display/index
Completed in 22ms (View: 14, DB: 3) | 200 OK [http://movies.squall.ca/]


Processing DisplayController#index (for 123.125.66.81 at 2010-04-14 05:30:24) [GET]
  Parameters: {"action"=>"index", "controller"=>"display"}
Rendering template within layouts/display
Rendering display/index
Completed in 187ms (View: 78, DB: 4) | 200 OK [http://movies.squall.ca/]


Processing DisplayController#index (for 220.181.7.81 at 2010-04-14 05:31:24) [GET]
  Parameters: {"action"=>"index", "controller"=>"display"}
Rendering template within layouts/display
Rendering display/index
Completed in 21ms (View: 13, DB: 3) | 200 OK [http://movies.squall.ca/]


Processing DisplayController#index (for 123.125.66.75 at 2010-04-14 14:33:25) [GET]
  Parameters: {"action"=>"index", "controller"=>"display"}
Rendering template within layouts/display
Rendering display/index
Completed in 76ms (View: 47, DB: 3) | 200 OK [http://movies.squall.ca/]


Processing DisplayController#index (for 220.181.7.87 at 2010-04-14 14:33:49) [GET]
  Parameters: {"action"=>"index", "controller"=>"display"}
Rendering template within layouts/display
Rendering display/index
Completed in 20ms (View: 13, DB: 3) | 200 OK [http://movies.squall.ca/]


Processing DisplayController#index (for 123.125.66.37 at 2010-04-14 17:02:28) [GET]
  Parameters: {"action"=>"index", "controller"=>"display"}
Rendering template within layouts/display
Rendering display/index
Completed in 73ms (View: 43, DB: 3) | 200 OK [http://movies.squall.ca/]


Processing DisplayController#index (for 123.125.66.130 at 2010-04-14 19:28:30) [GET]
  Parameters: {"action"=>"index", "controller"=>"display"}
Rendering template within layouts/display
Rendering display/index
Completed in 71ms (View: 42, DB: 3) | 200 OK [http://movies.squall.ca/]


Processing DisplayController#index (for 220.181.7.91 at 2010-04-14 19:29:14) [GET]
  Parameters: {"action"=>"index", "controller"=>"display"}
Rendering template within layouts/display
Rendering display/index
Completed in 20ms (View: 13, DB: 3) | 200 OK [http://movies.squall.ca/]


Processing DisplayController#index (for 123.125.66.57 at 2010-04-14 21:26:50) [GET]
  Parameters: {"action"=>"index", "controller"=>"display"}
Rendering template within layouts/display
Rendering display/index
Completed in 72ms (View: 43, DB: 3) | 200 OK [http://movies.squall.ca/]


Processing DisplayController#index (for 220.181.7.58 at 2010-04-14 21:27:20) [GET]
  Parameters: {"action"=>"index", "controller"=>"display"}
Rendering template within layouts/display
Rendering display/index
Completed in 20ms (View: 13, DB: 3) | 200 OK [http://movies.squall.ca/]


Processing DisplayController#index (for 220.181.7.85 at 2010-04-15 02:36:04) [GET]
  Parameters: {"action"=>"index", "controller"=>"display"}
Rendering template within layouts/display
Rendering display/index
Completed in 135ms (View: 104, DB: 3) | 200 OK [http://movies.squall.ca/]


Processing DisplayController#index (for 123.125.66.83 at 2010-04-15 02:36:29) [GET]
  Parameters: {"action"=>"index", "controller"=>"display"}
Rendering template within layouts/display
Rendering display/index
Completed in 20ms (View: 13, DB: 3) | 200 OK [http://movies.squall.ca/]


Processing DisplayController#index (for 123.125.66.60 at 2010-04-15 09:31:31) [GET]
  Parameters: {"action"=>"index", "controller"=>"display"}
Rendering template within layouts/display
Rendering display/index
Completed in 77ms (View: 45, DB: 3) | 200 OK [http://movies.squall.ca/]


Processing DisplayController#index (for 220.181.7.56 at 2010-04-15 09:31:41) [GET]
  Parameters: {"action"=>"index", "controller"=>"display"}
Rendering template within layouts/display
Rendering display/index
Completed in 21ms (View: 14, DB: 3) | 200 OK [http://movies.squall.ca/]


Processing DisplayController#index (for 123.125.66.45 at 2010-04-15 13:58:47) [GET]
  Parameters: {"action"=>"index", "controller"=>"display"}
Rendering template within layouts/display
Rendering display/index
Completed in 73ms (View: 44, DB: 3) | 200 OK [http://movies.squall.ca/]


Processing DisplayController#index (for 123.125.66.127 at 2010-04-16 02:42:12) [GET]
  Parameters: {"action"=>"index", "controller"=>"display"}
Rendering template within layouts/display
Rendering display/index
Completed in 77ms (View: 46, DB: 3) | 200 OK [http://movies.squall.ca/]


Processing DisplayController#index (for 220.181.7.74 at 2010-04-16 02:43:31) [GET]
  Parameters: {"action"=>"index", "controller"=>"display"}
Rendering template within layouts/display
Rendering display/index
Completed in 20ms (View: 13, DB: 3) | 200 OK [http://movies.squall.ca/]


Processing DisplayController#index (for 66.130.8.111 at 2010-04-16 08:40:58) [GET]
  Parameters: {"action"=>"index", "controller"=>"display"}
Rendering template within layouts/display
Rendering display/index
Completed in 81ms (View: 50, DB: 4) | 200 OK [http://movies.squall.ca/]


Processing DisplayController#index (for 220.181.7.80 at 2010-04-16 14:34:27) [GET]
  Parameters: {"action"=>"index", "controller"=>"display"}
Rendering template within layouts/display
Rendering display/index
Completed in 241ms (View: 200, DB: 3) | 200 OK [http://movies.squall.ca/]


Processing DisplayController#index (for 123.125.66.129 at 2010-04-16 14:35:08) [GET]
  Parameters: {"action"=>"index", "controller"=>"display"}
Rendering template within layouts/display
Rendering display/index
Completed in 21ms (View: 13, DB: 3) | 200 OK [http://movies.squall.ca/]


Processing DisplayController#index (for 220.181.7.77 at 2010-04-16 16:31:51) [GET]
  Parameters: {"action"=>"index", "controller"=>"display"}
Rendering template within layouts/display
Rendering display/index
Completed in 83ms (View: 49, DB: 4) | 200 OK [http://movies.squall.ca/]


Processing DisplayController#index (for 123.125.66.73 at 2010-04-16 16:32:18) [GET]
  Parameters: {"action"=>"index", "controller"=>"display"}
Rendering template within layouts/display
Rendering display/index
Completed in 21ms (View: 14, DB: 3) | 200 OK [http://movies.squall.ca/]


Processing DisplayController#index (for 123.125.66.122 at 2010-04-17 02:36:03) [GET]
  Parameters: {"action"=>"index", "controller"=>"display"}
Rendering template within layouts/display
Rendering display/index
Completed in 199ms (View: 171, DB: 3) | 200 OK [http://movies.squall.ca/]


Processing DisplayController#index (for 220.181.7.94 at 2010-04-17 02:37:27) [GET]
  Parameters: {"action"=>"index", "controller"=>"display"}
Rendering template within layouts/display
Rendering display/index
Completed in 20ms (View: 13, DB: 3) | 200 OK [http://movies.squall.ca/]


Processing DisplayController#index (for 123.125.66.120 at 2010-04-17 03:34:08) [GET]
  Parameters: {"action"=>"index", "controller"=>"display"}
Rendering template within layouts/display
Rendering display/index
Completed in 209ms (View: 182, DB: 3) | 200 OK [http://movies.squall.ca/]


Processing DisplayController#index (for 220.181.7.124 at 2010-04-17 03:34:54) [GET]
  Parameters: {"action"=>"index", "controller"=>"display"}
Rendering template within layouts/display
Rendering display/index
Completed in 21ms (View: 13, DB: 3) | 200 OK [http://movies.squall.ca/]


Processing DisplayController#index (for 220.181.7.132 at 2010-04-17 04:31:59) [GET]
  Parameters: {"action"=>"index", "controller"=>"display"}
Rendering template within layouts/display
Rendering display/index
Completed in 211ms (View: 182, DB: 3) | 200 OK [http://movies.squall.ca/]


Processing DisplayController#index (for 123.125.66.75 at 2010-04-17 04:32:39) [GET]
  Parameters: {"action"=>"index", "controller"=>"display"}
Rendering template within layouts/display
Rendering display/index
Completed in 20ms (View: 13, DB: 3) | 200 OK [http://movies.squall.ca/]
